<?xml version="1.0" encoding="UTF-8"?>
<!-- Generated by org.testng.reporters.JUnitReportReporter -->
<testsuite hostname="DESKTOP-1IMCRMT" failures="0" tests="1" name="Test.TestLogin" time="16.629" errors="0" timestamp="2022-03-25T22:58:48 IST" skipped="0">
  <testcase classname="Test.TestLogin" name="Testlogin" time="16.629"/>
  <system-out/>
</testsuite> <!-- Test.TestLogin -->
