<?xml version="1.0" encoding="UTF-8"?>
<!-- Generated by org.testng.reporters.JUnitReportReporter -->
<testsuite hostname="DESKTOP-1IMCRMT" failures="0" tests="1" name="Test.LoginTest" time="9.681" errors="0" timestamp="2022-04-15T00:34:15 IST" skipped="0">
  <testcase classname="Test.LoginTest" name="login" time="9.681"/>
  <system-out/>
</testsuite> <!-- Test.LoginTest -->
