<?xml version="1.0" encoding="UTF-8"?>
<!-- Generated by org.testng.reporters.JUnitReportReporter -->
<testsuite hostname="DESKTOP-1IMCRMT" failures="0" tests="1" name="Test.LoginTest" time="7.531" errors="0" timestamp="2022-04-01T09:29:34 IST" skipped="0">
  <testcase classname="Test.LoginTest" name="login" time="7.531"/>
  <system-out/>
</testsuite> <!-- Test.LoginTest -->
