<?xml version="1.0" encoding="UTF-8"?>
<!-- Generated by org.testng.reporters.JUnitReportReporter -->
<testsuite hostname="DESKTOP-1IMCRMT" failures="0" tests="1" name="Test.LoginTest" time="7.333" errors="0" timestamp="2022-04-15T00:36:08 IST" skipped="0">
  <testcase classname="Test.LoginTest" name="login" time="7.333"/>
  <system-out/>
</testsuite> <!-- Test.LoginTest -->
